<?xml version="1.0" encoding="UTF-8"?>
<testng-results skipped="0" failed="0" ignored="0" total="1" passed="1">
  <reporter-output>
  </reporter-output>
  <suite name="Default suite" duration-ms="13400" started-at="2019-02-10T03:23:39Z" finished-at="2019-02-10T03:23:53Z">
    <groups>
    </groups>
    <test name="Default test" duration-ms="13400" started-at="2019-02-10T03:23:39Z" finished-at="2019-02-10T03:23:53Z">
      <class name="org.learnautomation.testcases.LoginTestforCRM">
        <test-method status="PASS" signature="setupTestSuite()[pri:0, instance:org.learnautomation.testcases.LoginTestforCRM@91161c7]" name="setupTestSuite" is-config="true" duration-ms="264" started-at="2019-02-10T03:23:39Z" finished-at="2019-02-10T03:23:39Z">
          <reporter-output>
          </reporter-output>
        </test-method> <!-- setupTestSuite -->
        <test-method status="PASS" signature="setup()[pri:0, instance:org.learnautomation.testcases.LoginTestforCRM@91161c7]" name="setup" is-config="true" duration-ms="6652" started-at="2019-02-10T03:23:39Z" finished-at="2019-02-10T03:23:46Z">
          <reporter-output>
          </reporter-output>
        </test-method> <!-- setup -->
        <test-method status="PASS" signature="loginCRM()[pri:0, instance:org.learnautomation.testcases.LoginTestforCRM@91161c7]" name="loginCRM" duration-ms="5383" started-at="2019-02-10T03:23:46Z" finished-at="2019-02-10T03:23:51Z">
          <reporter-output>
          </reporter-output>
        </test-method> <!-- loginCRM -->
        <test-method status="PASS" signature="teandownTest(org.testng.ITestResult)[pri:0, instance:org.learnautomation.testcases.LoginTestforCRM@91161c7]" name="teandownTest" is-config="true" duration-ms="539" started-at="2019-02-10T03:23:51Z" finished-at="2019-02-10T03:23:52Z">
          <params>
            <param index="0">
              <value>
                <![CDATA[[TestResult name=loginCRM status=SUCCESS method=LoginTestforCRM.loginCRM()[pri:0, instance:org.learnautomation.testcases.LoginTestforCRM@91161c7] output={null}]]]>
              </value>
            </param>
          </params>
          <reporter-output>
          </reporter-output>
        </test-method> <!-- teandownTest -->
        <test-method status="PASS" signature="teardown()[pri:0, instance:org.learnautomation.testcases.LoginTestforCRM@91161c7]" name="teardown" is-config="true" duration-ms="794" started-at="2019-02-10T03:23:52Z" finished-at="2019-02-10T03:23:53Z">
          <reporter-output>
          </reporter-output>
        </test-method> <!-- teardown -->
      </class> <!-- org.learnautomation.testcases.LoginTestforCRM -->
    </test> <!-- Default test -->
  </suite> <!-- Default suite -->
</testng-results>
